2026-02-28T04:51:31.271Z : [object Object]
2026-02-28T04:55:59.006Z : [object Object]
2026-02-28T05:06:24.976Z napoleon: {"toLocation":"europe","units":[{"id":1,"rank":"artillery","location":"europe"}],"player":{"username":"washington","units":{"1":{"id":1,"rank":"artillery","location":"europe"}}}}
2026-02-28T05:06:24.976Z washington: {"toLocation":"europe","units":[{"id":1,"rank":"artillery","location":"europe"}],"player":{"username":"washington","units":{"1":{"id":1,"rank":"artillery","location":"europe"}}}}
2026-02-28T05:23:01.374Z washington: {"toLocation":"europe","units":[{"id":1,"rank":"artillery","location":"europe"}],"player":{"username":"washington","units":{"1":{"id":1,"rank":"artillery","location":"europe"}}}}
2026-02-28T05:23:01.374Z napoleon: {"toLocation":"europe","units":[{"id":1,"rank":"artillery","location":"europe"}],"player":{"username":"washington","units":{"1":{"id":1,"rank":"artillery","location":"europe"}}}}
2026-03-01T23:16:57.512Z undefined: {"attacker":{"username":"washington","units":{"1":{"id":1,"rank":"infantry","location":"europe"}}},"defender":{"username":"napoleon","units":{"1":{"id":1,"rank":"cavalry","location":"europe"}}}}
2026-03-01T23:17:55.482Z napoleon: {"toLocation":"europe","units":[{"id":1,"rank":"infantry","location":"europe"}],"player":{"username":"washington","units":{"1":{"id":1,"rank":"infantry","location":"europe"}}}}
2026-03-01T23:17:55.479Z washington: {"toLocation":"europe","units":[{"id":1,"rank":"infantry","location":"europe"}],"player":{"username":"washington","units":{"1":{"id":1,"rank":"infantry","location":"europe"}}}}
2026-03-01T23:17:56.481Z undefined: {"attacker":{"username":"washington","units":{"1":{"id":1,"rank":"infantry","location":"europe"}}},"defender":{"username":"napoleon","units":{"1":{"id":1,"rank":"cavalry","location":"europe"}}}}
2026-03-01T23:17:56.487Z undefined: {"attacker":{"username":"washington","units":{"1":{"id":1,"rank":"infantry","location":"europe"}}},"defender":{"username":"napoleon","units":{"1":{"id":1,"rank":"cavalry","location":"europe"}}}}
2026-03-01T23:17:57.487Z napoleon: {"toLocation":"europe","units":[{"id":1,"rank":"infantry","location":"europe"}],"player":{"username":"washington","units":{"1":{"id":1,"rank":"infantry","location":"europe"}}}}
2026-03-01T23:17:58.489Z undefined: {"attacker":{"username":"washington","units":{"1":{"id":1,"rank":"infantry","location":"europe"}}},"defender":{"username":"napoleon","units":{"1":{"id":1,"rank":"cavalry","location":"europe"}}}}
2026-03-01T23:17:58.536Z undefined: {"attacker":{"username":"washington","units":{"1":{"id":1,"rank":"infantry","location":"europe"}}},"defender":{"username":"napoleon","units":{"1":{"id":1,"rank":"cavalry","location":"europe"}}}}
2026-03-01T23:17:59.536Z napoleon: {"toLocation":"europe","units":[{"id":1,"rank":"infantry","location":"europe"}],"player":{"username":"washington","units":{"1":{"id":1,"rank":"infantry","location":"europe"}}}}
2026-03-01T23:18:00.538Z undefined: {"attacker":{"username":"washington","units":{"1":{"id":1,"rank":"infantry","location":"europe"}}},"defender":{"username":"napoleon","units":{"1":{"id":1,"rank":"cavalry","location":"europe"}}}}
2026-03-01T23:18:00.587Z undefined: {"attacker":{"username":"washington","units":{"1":{"id":1,"rank":"infantry","location":"europe"}}},"defender":{"username":"napoleon","units":{"1":{"id":1,"rank":"cavalry","location":"europe"}}}}
2026-03-01T23:18:01.587Z napoleon: {"toLocation":"europe","units":[{"id":1,"rank":"infantry","location":"europe"}],"player":{"username":"washington","units":{"1":{"id":1,"rank":"infantry","location":"europe"}}}}
2026-03-01T23:18:02.589Z undefined: {"attacker":{"username":"washington","units":{"1":{"id":1,"rank":"infantry","location":"europe"}}},"defender":{"username":"napoleon","units":{"1":{"id":1,"rank":"cavalry","location":"europe"}}}}
2026-03-01T23:18:02.637Z undefined: {"attacker":{"username":"washington","units":{"1":{"id":1,"rank":"infantry","location":"europe"}}},"defender":{"username":"napoleon","units":{"1":{"id":1,"rank":"cavalry","location":"europe"}}}}
2026-03-01T23:18:03.637Z napoleon: {"toLocation":"europe","units":[{"id":1,"rank":"infantry","location":"europe"}],"player":{"username":"washington","units":{"1":{"id":1,"rank":"infantry","location":"europe"}}}}
2026-03-01T23:18:04.639Z undefined: {"attacker":{"username":"washington","units":{"1":{"id":1,"rank":"infantry","location":"europe"}}},"defender":{"username":"napoleon","units":{"1":{"id":1,"rank":"cavalry","location":"europe"}}}}
2026-03-01T23:18:04.686Z undefined: {"attacker":{"username":"washington","units":{"1":{"id":1,"rank":"infantry","location":"europe"}}},"defender":{"username":"napoleon","units":{"1":{"id":1,"rank":"cavalry","location":"europe"}}}}
2026-03-01T23:18:05.686Z napoleon: {"toLocation":"europe","units":[{"id":1,"rank":"infantry","location":"europe"}],"player":{"username":"washington","units":{"1":{"id":1,"rank":"infantry","location":"europe"}}}}
2026-03-01T23:18:06.688Z undefined: {"attacker":{"username":"washington","units":{"1":{"id":1,"rank":"infantry","location":"europe"}}},"defender":{"username":"napoleon","units":{"1":{"id":1,"rank":"cavalry","location":"europe"}}}}
2026-03-01T23:18:06.736Z undefined: {"attacker":{"username":"washington","units":{"1":{"id":1,"rank":"infantry","location":"europe"}}},"defender":{"username":"napoleon","units":{"1":{"id":1,"rank":"cavalry","location":"europe"}}}}
2026-03-01T23:18:07.736Z napoleon: {"toLocation":"europe","units":[{"id":1,"rank":"infantry","location":"europe"}],"player":{"username":"washington","units":{"1":{"id":1,"rank":"infantry","location":"europe"}}}}
2026-03-01T23:18:08.739Z undefined: {"attacker":{"username":"washington","units":{"1":{"id":1,"rank":"infantry","location":"europe"}}},"defender":{"username":"napoleon","units":{"1":{"id":1,"rank":"cavalry","location":"europe"}}}}
2026-03-01T23:18:10.756Z undefined: {"attacker":{"username":"washington","units":{"1":{"id":1,"rank":"infantry","location":"europe"}}},"defender":{"username":"napoleon","units":{"1":{"id":1,"rank":"cavalry","location":"europe"}}}}
2026-03-01T23:18:11.756Z napoleon: {"toLocation":"europe","units":[{"id":1,"rank":"infantry","location":"europe"}],"player":{"username":"washington","units":{"1":{"id":1,"rank":"infantry","location":"europe"}}}}
2026-03-01T23:18:12.758Z undefined: {"attacker":{"username":"washington","units":{"1":{"id":1,"rank":"infantry","location":"europe"}}},"defender":{"username":"napoleon","units":{"1":{"id":1,"rank":"cavalry","location":"europe"}}}}
2026-03-01T23:18:12.808Z undefined: {"attacker":{"username":"washington","units":{"1":{"id":1,"rank":"infantry","location":"europe"}}},"defender":{"username":"napoleon","units":{"1":{"id":1,"rank":"cavalry","location":"europe"}}}}
2026-03-01T23:18:13.808Z napoleon: {"toLocation":"europe","units":[{"id":1,"rank":"infantry","location":"europe"}],"player":{"username":"washington","units":{"1":{"id":1,"rank":"infantry","location":"europe"}}}}
2026-03-01T23:18:14.810Z undefined: {"attacker":{"username":"washington","units":{"1":{"id":1,"rank":"infantry","location":"europe"}}},"defender":{"username":"napoleon","units":{"1":{"id":1,"rank":"cavalry","location":"europe"}}}}
2026-03-01T23:18:14.857Z undefined: {"attacker":{"username":"washington","units":{"1":{"id":1,"rank":"infantry","location":"europe"}}},"defender":{"username":"napoleon","units":{"1":{"id":1,"rank":"cavalry","location":"europe"}}}}
2026-03-01T23:18:15.857Z napoleon: {"toLocation":"europe","units":[{"id":1,"rank":"infantry","location":"europe"}],"player":{"username":"washington","units":{"1":{"id":1,"rank":"infantry","location":"europe"}}}}
2026-03-01T23:18:16.859Z undefined: {"attacker":{"username":"washington","units":{"1":{"id":1,"rank":"infantry","location":"europe"}}},"defender":{"username":"napoleon","units":{"1":{"id":1,"rank":"cavalry","location":"europe"}}}}
2026-03-01T23:18:16.906Z undefined: {"attacker":{"username":"washington","units":{"1":{"id":1,"rank":"infantry","location":"europe"}}},"defender":{"username":"napoleon","units":{"1":{"id":1,"rank":"cavalry","location":"europe"}}}}
2026-03-01T23:18:17.906Z napoleon: {"toLocation":"europe","units":[{"id":1,"rank":"infantry","location":"europe"}],"player":{"username":"washington","units":{"1":{"id":1,"rank":"infantry","location":"europe"}}}}
2026-03-01T23:18:18.907Z undefined: {"attacker":{"username":"washington","units":{"1":{"id":1,"rank":"infantry","location":"europe"}}},"defender":{"username":"napoleon","units":{"1":{"id":1,"rank":"cavalry","location":"europe"}}}}
2026-03-01T23:18:18.957Z undefined: {"attacker":{"username":"washington","units":{"1":{"id":1,"rank":"infantry","location":"europe"}}},"defender":{"username":"napoleon","units":{"1":{"id":1,"rank":"cavalry","location":"europe"}}}}
2026-03-01T23:18:19.957Z napoleon: {"toLocation":"europe","units":[{"id":1,"rank":"infantry","location":"europe"}],"player":{"username":"washington","units":{"1":{"id":1,"rank":"infantry","location":"europe"}}}}
2026-03-01T23:18:20.959Z undefined: {"attacker":{"username":"washington","units":{"1":{"id":1,"rank":"infantry","location":"europe"}}},"defender":{"username":"napoleon","units":{"1":{"id":1,"rank":"cavalry","location":"europe"}}}}
2026-03-01T23:18:21.007Z undefined: {"attacker":{"username":"washington","units":{"1":{"id":1,"rank":"infantry","location":"europe"}}},"defender":{"username":"napoleon","units":{"1":{"id":1,"rank":"cavalry","location":"europe"}}}}
2026-03-01T23:18:22.007Z napoleon: {"toLocation":"europe","units":[{"id":1,"rank":"infantry","location":"europe"}],"player":{"username":"washington","units":{"1":{"id":1,"rank":"infantry","location":"europe"}}}}
2026-03-01T23:18:23.009Z undefined: {"attacker":{"username":"washington","units":{"1":{"id":1,"rank":"infantry","location":"europe"}}},"defender":{"username":"napoleon","units":{"1":{"id":1,"rank":"cavalry","location":"europe"}}}}
2026-03-01T23:18:23.057Z undefined: {"attacker":{"username":"washington","units":{"1":{"id":1,"rank":"infantry","location":"europe"}}},"defender":{"username":"napoleon","units":{"1":{"id":1,"rank":"cavalry","location":"europe"}}}}
2026-03-01T23:18:24.057Z napoleon: {"toLocation":"europe","units":[{"id":1,"rank":"infantry","location":"europe"}],"player":{"username":"washington","units":{"1":{"id":1,"rank":"infantry","location":"europe"}}}}
2026-03-01T23:18:25.059Z undefined: {"attacker":{"username":"washington","units":{"1":{"id":1,"rank":"infantry","location":"europe"}}},"defender":{"username":"napoleon","units":{"1":{"id":1,"rank":"cavalry","location":"europe"}}}}
2026-03-01T23:18:25.107Z undefined: {"attacker":{"username":"washington","units":{"1":{"id":1,"rank":"infantry","location":"europe"}}},"defender":{"username":"napoleon","units":{"1":{"id":1,"rank":"cavalry","location":"europe"}}}}
2026-03-01T23:18:26.107Z napoleon: {"toLocation":"europe","units":[{"id":1,"rank":"infantry","location":"europe"}],"player":{"username":"washington","units":{"1":{"id":1,"rank":"infantry","location":"europe"}}}}
2026-03-01T23:18:27.109Z undefined: {"attacker":{"username":"washington","units":{"1":{"id":1,"rank":"infantry","location":"europe"}}},"defender":{"username":"napoleon","units":{"1":{"id":1,"rank":"cavalry","location":"europe"}}}}
2026-03-01T23:18:27.157Z undefined: {"attacker":{"username":"washington","units":{"1":{"id":1,"rank":"infantry","location":"europe"}}},"defender":{"username":"napoleon","units":{"1":{"id":1,"rank":"cavalry","location":"europe"}}}}
2026-03-01T23:18:28.157Z napoleon: {"toLocation":"europe","units":[{"id":1,"rank":"infantry","location":"europe"}],"player":{"username":"washington","units":{"1":{"id":1,"rank":"infantry","location":"europe"}}}}
2026-03-01T23:18:29.158Z undefined: {"attacker":{"username":"washington","units":{"1":{"id":1,"rank":"infantry","location":"europe"}}},"defender":{"username":"napoleon","units":{"1":{"id":1,"rank":"cavalry","location":"europe"}}}}
2026-03-01T23:18:29.207Z undefined: {"attacker":{"username":"washington","units":{"1":{"id":1,"rank":"infantry","location":"europe"}}},"defender":{"username":"napoleon","units":{"1":{"id":1,"rank":"cavalry","location":"europe"}}}}
2026-03-01T23:18:30.207Z napoleon: {"toLocation":"europe","units":[{"id":1,"rank":"infantry","location":"europe"}],"player":{"username":"washington","units":{"1":{"id":1,"rank":"infantry","location":"europe"}}}}
2026-03-01T23:18:31.209Z undefined: {"attacker":{"username":"washington","units":{"1":{"id":1,"rank":"infantry","location":"europe"}}},"defender":{"username":"napoleon","units":{"1":{"id":1,"rank":"cavalry","location":"europe"}}}}
2026-03-01T23:18:31.257Z undefined: {"attacker":{"username":"washington","units":{"1":{"id":1,"rank":"infantry","location":"europe"}}},"defender":{"username":"napoleon","units":{"1":{"id":1,"rank":"cavalry","location":"europe"}}}}
2026-03-01T23:18:32.257Z napoleon: {"toLocation":"europe","units":[{"id":1,"rank":"infantry","location":"europe"}],"player":{"username":"washington","units":{"1":{"id":1,"rank":"infantry","location":"europe"}}}}
2026-03-01T23:18:33.258Z undefined: {"attacker":{"username":"washington","units":{"1":{"id":1,"rank":"infantry","location":"europe"}}},"defender":{"username":"napoleon","units":{"1":{"id":1,"rank":"cavalry","location":"europe"}}}}
2026-03-01T23:18:33.307Z undefined: {"attacker":{"username":"washington","units":{"1":{"id":1,"rank":"infantry","location":"europe"}}},"defender":{"username":"napoleon","units":{"1":{"id":1,"rank":"cavalry","location":"europe"}}}}
2026-03-01T23:18:34.307Z napoleon: {"toLocation":"europe","units":[{"id":1,"rank":"infantry","location":"europe"}],"player":{"username":"washington","units":{"1":{"id":1,"rank":"infantry","location":"europe"}}}}
2026-03-01T23:18:35.308Z undefined: {"attacker":{"username":"washington","units":{"1":{"id":1,"rank":"infantry","location":"europe"}}},"defender":{"username":"napoleon","units":{"1":{"id":1,"rank":"cavalry","location":"europe"}}}}
2026-03-01T23:18:35.357Z undefined: {"attacker":{"username":"washington","units":{"1":{"id":1,"rank":"infantry","location":"europe"}}},"defender":{"username":"napoleon","units":{"1":{"id":1,"rank":"cavalry","location":"europe"}}}}
2026-03-01T23:18:38.022Z napoleon: {"toLocation":"europe","units":[{"id":1,"rank":"infantry","location":"europe"}],"player":{"username":"washington","units":{"1":{"id":1,"rank":"infantry","location":"europe"}}}}
2026-03-01T23:18:39.023Z undefined: {"attacker":{"username":"washington","units":{"1":{"id":1,"rank":"infantry","location":"europe"}}},"defender":{"username":"napoleon","units":{"1":{"id":1,"rank":"cavalry","location":"europe"}}}}
2026-03-01T23:18:39.071Z undefined: {"attacker":{"username":"washington","units":{"1":{"id":1,"rank":"infantry","location":"europe"}}},"defender":{"username":"napoleon","units":{"1":{"id":1,"rank":"cavalry","location":"europe"}}}}
2026-03-01T23:18:40.071Z napoleon: {"toLocation":"europe","units":[{"id":1,"rank":"infantry","location":"europe"}],"player":{"username":"washington","units":{"1":{"id":1,"rank":"infantry","location":"europe"}}}}
2026-03-01T23:18:41.073Z undefined: {"attacker":{"username":"washington","units":{"1":{"id":1,"rank":"infantry","location":"europe"}}},"defender":{"username":"napoleon","units":{"1":{"id":1,"rank":"cavalry","location":"europe"}}}}
2026-03-01T23:18:41.125Z undefined: {"attacker":{"username":"washington","units":{"1":{"id":1,"rank":"infantry","location":"europe"}}},"defender":{"username":"napoleon","units":{"1":{"id":1,"rank":"cavalry","location":"europe"}}}}
2026-03-01T23:18:42.125Z napoleon: {"toLocation":"europe","units":[{"id":1,"rank":"infantry","location":"europe"}],"player":{"username":"washington","units":{"1":{"id":1,"rank":"infantry","location":"europe"}}}}
2026-03-01T23:18:43.127Z undefined: {"attacker":{"username":"washington","units":{"1":{"id":1,"rank":"infantry","location":"europe"}}},"defender":{"username":"napoleon","units":{"1":{"id":1,"rank":"cavalry","location":"europe"}}}}
2026-03-01T23:18:44.175Z napoleon: {"toLocation":"europe","units":[{"id":1,"rank":"infantry","location":"europe"}],"player":{"username":"washington","units":{"1":{"id":1,"rank":"infantry","location":"europe"}}}}
2026-03-01T23:18:43.175Z undefined: {"attacker":{"username":"washington","units":{"1":{"id":1,"rank":"infantry","location":"europe"}}},"defender":{"username":"napoleon","units":{"1":{"id":1,"rank":"cavalry","location":"europe"}}}}
2026-03-01T23:18:45.177Z undefined: {"attacker":{"username":"washington","units":{"1":{"id":1,"rank":"infantry","location":"europe"}}},"defender":{"username":"napoleon","units":{"1":{"id":1,"rank":"cavalry","location":"europe"}}}}
2026-03-01T23:18:45.224Z undefined: {"attacker":{"username":"washington","units":{"1":{"id":1,"rank":"infantry","location":"europe"}}},"defender":{"username":"napoleon","units":{"1":{"id":1,"rank":"cavalry","location":"europe"}}}}
2026-03-01T23:18:46.224Z napoleon: {"toLocation":"europe","units":[{"id":1,"rank":"infantry","location":"europe"}],"player":{"username":"washington","units":{"1":{"id":1,"rank":"infantry","location":"europe"}}}}
2026-03-01T23:18:47.226Z undefined: {"attacker":{"username":"washington","units":{"1":{"id":1,"rank":"infantry","location":"europe"}}},"defender":{"username":"napoleon","units":{"1":{"id":1,"rank":"cavalry","location":"europe"}}}}
2026-03-01T23:18:47.275Z undefined: {"attacker":{"username":"washington","units":{"1":{"id":1,"rank":"infantry","location":"europe"}}},"defender":{"username":"napoleon","units":{"1":{"id":1,"rank":"cavalry","location":"europe"}}}}
2026-03-01T23:18:48.275Z napoleon: {"toLocation":"europe","units":[{"id":1,"rank":"infantry","location":"europe"}],"player":{"username":"washington","units":{"1":{"id":1,"rank":"infantry","location":"europe"}}}}
2026-03-01T23:18:49.276Z undefined: {"attacker":{"username":"washington","units":{"1":{"id":1,"rank":"infantry","location":"europe"}}},"defender":{"username":"napoleon","units":{"1":{"id":1,"rank":"cavalry","location":"europe"}}}}
2026-03-01T23:18:49.325Z undefined: {"attacker":{"username":"washington","units":{"1":{"id":1,"rank":"infantry","location":"europe"}}},"defender":{"username":"napoleon","units":{"1":{"id":1,"rank":"cavalry","location":"europe"}}}}
2026-03-01T23:18:50.325Z napoleon: {"toLocation":"europe","units":[{"id":1,"rank":"infantry","location":"europe"}],"player":{"username":"washington","units":{"1":{"id":1,"rank":"infantry","location":"europe"}}}}
2026-03-01T23:18:51.327Z undefined: {"attacker":{"username":"washington","units":{"1":{"id":1,"rank":"infantry","location":"europe"}}},"defender":{"username":"napoleon","units":{"1":{"id":1,"rank":"cavalry","location":"europe"}}}}
2026-03-01T23:18:51.374Z undefined: {"attacker":{"username":"washington","units":{"1":{"id":1,"rank":"infantry","location":"europe"}}},"defender":{"username":"napoleon","units":{"1":{"id":1,"rank":"cavalry","location":"europe"}}}}
2026-03-01T23:18:52.374Z napoleon: {"toLocation":"europe","units":[{"id":1,"rank":"infantry","location":"europe"}],"player":{"username":"washington","units":{"1":{"id":1,"rank":"infantry","location":"europe"}}}}
2026-03-01T23:18:53.376Z undefined: {"attacker":{"username":"washington","units":{"1":{"id":1,"rank":"infantry","location":"europe"}}},"defender":{"username":"napoleon","units":{"1":{"id":1,"rank":"cavalry","location":"europe"}}}}
2026-03-01T23:18:53.425Z undefined: {"attacker":{"username":"washington","units":{"1":{"id":1,"rank":"infantry","location":"europe"}}},"defender":{"username":"napoleon","units":{"1":{"id":1,"rank":"cavalry","location":"europe"}}}}
2026-03-01T23:18:54.425Z napoleon: {"toLocation":"europe","units":[{"id":1,"rank":"infantry","location":"europe"}],"player":{"username":"washington","units":{"1":{"id":1,"rank":"infantry","location":"europe"}}}}
2026-03-01T23:18:55.427Z undefined: {"attacker":{"username":"washington","units":{"1":{"id":1,"rank":"infantry","location":"europe"}}},"defender":{"username":"napoleon","units":{"1":{"id":1,"rank":"cavalry","location":"europe"}}}}
2026-03-01T23:18:55.475Z undefined: {"attacker":{"username":"washington","units":{"1":{"id":1,"rank":"infantry","location":"europe"}}},"defender":{"username":"napoleon","units":{"1":{"id":1,"rank":"cavalry","location":"europe"}}}}
2026-03-01T23:18:56.475Z napoleon: {"toLocation":"europe","units":[{"id":1,"rank":"infantry","location":"europe"}],"player":{"username":"washington","units":{"1":{"id":1,"rank":"infantry","location":"europe"}}}}
2026-03-01T23:18:57.478Z undefined: {"attacker":{"username":"washington","units":{"1":{"id":1,"rank":"infantry","location":"europe"}}},"defender":{"username":"napoleon","units":{"1":{"id":1,"rank":"cavalry","location":"europe"}}}}
2026-03-01T23:18:57.532Z undefined: {"attacker":{"username":"washington","units":{"1":{"id":1,"rank":"infantry","location":"europe"}}},"defender":{"username":"napoleon","units":{"1":{"id":1,"rank":"cavalry","location":"europe"}}}}
2026-03-01T23:18:58.532Z napoleon: {"toLocation":"europe","units":[{"id":1,"rank":"infantry","location":"europe"}],"player":{"username":"washington","units":{"1":{"id":1,"rank":"infantry","location":"europe"}}}}
2026-03-01T23:18:59.533Z undefined: {"attacker":{"username":"washington","units":{"1":{"id":1,"rank":"infantry","location":"europe"}}},"defender":{"username":"napoleon","units":{"1":{"id":1,"rank":"cavalry","location":"europe"}}}}
2026-03-01T23:18:59.585Z undefined: {"attacker":{"username":"washington","units":{"1":{"id":1,"rank":"infantry","location":"europe"}}},"defender":{"username":"napoleon","units":{"1":{"id":1,"rank":"cavalry","location":"europe"}}}}
2026-03-01T23:19:00.585Z napoleon: {"toLocation":"europe","units":[{"id":1,"rank":"infantry","location":"europe"}],"player":{"username":"washington","units":{"1":{"id":1,"rank":"infantry","location":"europe"}}}}
2026-03-01T23:19:01.587Z undefined: {"attacker":{"username":"washington","units":{"1":{"id":1,"rank":"infantry","location":"europe"}}},"defender":{"username":"napoleon","units":{"1":{"id":1,"rank":"cavalry","location":"europe"}}}}
2026-03-01T23:19:01.634Z undefined: {"attacker":{"username":"washington","units":{"1":{"id":1,"rank":"infantry","location":"europe"}}},"defender":{"username":"napoleon","units":{"1":{"id":1,"rank":"cavalry","location":"europe"}}}}
2026-03-01T23:19:02.634Z napoleon: {"toLocation":"europe","units":[{"id":1,"rank":"infantry","location":"europe"}],"player":{"username":"washington","units":{"1":{"id":1,"rank":"infantry","location":"europe"}}}}
2026-03-01T23:19:05.303Z undefined: {"attacker":{"username":"washington","units":{"1":{"id":1,"rank":"infantry","location":"europe"}}},"defender":{"username":"napoleon","units":{"1":{"id":1,"rank":"cavalry","location":"europe"}}}}
2026-03-01T23:19:05.351Z undefined: {"attacker":{"username":"washington","units":{"1":{"id":1,"rank":"infantry","location":"europe"}}},"defender":{"username":"napoleon","units":{"1":{"id":1,"rank":"cavalry","location":"europe"}}}}
2026-03-01T23:19:06.351Z napoleon: {"toLocation":"europe","units":[{"id":1,"rank":"infantry","location":"europe"}],"player":{"username":"washington","units":{"1":{"id":1,"rank":"infantry","location":"europe"}}}}
2026-03-01T23:19:07.353Z undefined: {"attacker":{"username":"washington","units":{"1":{"id":1,"rank":"infantry","location":"europe"}}},"defender":{"username":"napoleon","units":{"1":{"id":1,"rank":"cavalry","location":"europe"}}}}
2026-03-01T23:19:07.398Z undefined: {"attacker":{"username":"washington","units":{"1":{"id":1,"rank":"infantry","location":"europe"}}},"defender":{"username":"napoleon","units":{"1":{"id":1,"rank":"cavalry","location":"europe"}}}}
2026-03-01T23:19:08.398Z napoleon: {"toLocation":"europe","units":[{"id":1,"rank":"infantry","location":"europe"}],"player":{"username":"washington","units":{"1":{"id":1,"rank":"infantry","location":"europe"}}}}
2026-03-01T23:19:09.400Z undefined: {"attacker":{"username":"washington","units":{"1":{"id":1,"rank":"infantry","location":"europe"}}},"defender":{"username":"napoleon","units":{"1":{"id":1,"rank":"cavalry","location":"europe"}}}}
2026-03-01T23:19:09.448Z undefined: {"attacker":{"username":"washington","units":{"1":{"id":1,"rank":"infantry","location":"europe"}}},"defender":{"username":"napoleon","units":{"1":{"id":1,"rank":"cavalry","location":"europe"}}}}
2026-03-01T23:19:10.448Z napoleon: {"toLocation":"europe","units":[{"id":1,"rank":"infantry","location":"europe"}],"player":{"username":"washington","units":{"1":{"id":1,"rank":"infantry","location":"europe"}}}}
2026-03-01T23:19:11.450Z undefined: {"attacker":{"username":"washington","units":{"1":{"id":1,"rank":"infantry","location":"europe"}}},"defender":{"username":"napoleon","units":{"1":{"id":1,"rank":"cavalry","location":"europe"}}}}
2026-03-01T23:19:11.498Z undefined: {"attacker":{"username":"washington","units":{"1":{"id":1,"rank":"infantry","location":"europe"}}},"defender":{"username":"napoleon","units":{"1":{"id":1,"rank":"cavalry","location":"europe"}}}}
2026-03-01T23:19:12.498Z napoleon: {"toLocation":"europe","units":[{"id":1,"rank":"infantry","location":"europe"}],"player":{"username":"washington","units":{"1":{"id":1,"rank":"infantry","location":"europe"}}}}
2026-03-01T23:19:13.500Z undefined: {"attacker":{"username":"washington","units":{"1":{"id":1,"rank":"infantry","location":"europe"}}},"defender":{"username":"napoleon","units":{"1":{"id":1,"rank":"cavalry","location":"europe"}}}}
2026-03-01T23:19:13.548Z undefined: {"attacker":{"username":"washington","units":{"1":{"id":1,"rank":"infantry","location":"europe"}}},"defender":{"username":"napoleon","units":{"1":{"id":1,"rank":"cavalry","location":"europe"}}}}
2026-03-01T23:19:14.548Z napoleon: {"toLocation":"europe","units":[{"id":1,"rank":"infantry","location":"europe"}],"player":{"username":"washington","units":{"1":{"id":1,"rank":"infantry","location":"europe"}}}}
2026-03-01T23:19:15.550Z undefined: {"attacker":{"username":"washington","units":{"1":{"id":1,"rank":"infantry","location":"europe"}}},"defender":{"username":"napoleon","units":{"1":{"id":1,"rank":"cavalry","location":"europe"}}}}
2026-03-01T23:19:15.598Z undefined: {"attacker":{"username":"washington","units":{"1":{"id":1,"rank":"infantry","location":"europe"}}},"defender":{"username":"napoleon","units":{"1":{"id":1,"rank":"cavalry","location":"europe"}}}}
2026-03-01T23:19:16.598Z napoleon: {"toLocation":"europe","units":[{"id":1,"rank":"infantry","location":"europe"}],"player":{"username":"washington","units":{"1":{"id":1,"rank":"infantry","location":"europe"}}}}
2026-03-01T23:19:17.600Z undefined: {"attacker":{"username":"washington","units":{"1":{"id":1,"rank":"infantry","location":"europe"}}},"defender":{"username":"napoleon","units":{"1":{"id":1,"rank":"cavalry","location":"europe"}}}}
2026-03-01T23:19:17.648Z undefined: {"attacker":{"username":"washington","units":{"1":{"id":1,"rank":"infantry","location":"europe"}}},"defender":{"username":"napoleon","units":{"1":{"id":1,"rank":"cavalry","location":"europe"}}}}
2026-03-01T23:19:18.648Z napoleon: {"toLocation":"europe","units":[{"id":1,"rank":"infantry","location":"europe"}],"player":{"username":"washington","units":{"1":{"id":1,"rank":"infantry","location":"europe"}}}}
2026-03-01T23:19:19.650Z undefined: {"attacker":{"username":"washington","units":{"1":{"id":1,"rank":"infantry","location":"europe"}}},"defender":{"username":"napoleon","units":{"1":{"id":1,"rank":"cavalry","location":"europe"}}}}
2026-03-01T23:19:19.698Z undefined: {"attacker":{"username":"washington","units":{"1":{"id":1,"rank":"infantry","location":"europe"}}},"defender":{"username":"napoleon","units":{"1":{"id":1,"rank":"cavalry","location":"europe"}}}}
2026-03-01T23:19:20.698Z napoleon: {"toLocation":"europe","units":[{"id":1,"rank":"infantry","location":"europe"}],"player":{"username":"washington","units":{"1":{"id":1,"rank":"infantry","location":"europe"}}}}
2026-03-01T23:19:21.700Z undefined: {"attacker":{"username":"washington","units":{"1":{"id":1,"rank":"infantry","location":"europe"}}},"defender":{"username":"napoleon","units":{"1":{"id":1,"rank":"cavalry","location":"europe"}}}}
2026-03-01T23:19:21.748Z undefined: {"attacker":{"username":"washington","units":{"1":{"id":1,"rank":"infantry","location":"europe"}}},"defender":{"username":"napoleon","units":{"1":{"id":1,"rank":"cavalry","location":"europe"}}}}
2026-03-01T23:19:22.748Z napoleon: {"toLocation":"europe","units":[{"id":1,"rank":"infantry","location":"europe"}],"player":{"username":"washington","units":{"1":{"id":1,"rank":"infantry","location":"europe"}}}}
2026-03-01T23:19:23.750Z undefined: {"attacker":{"username":"washington","units":{"1":{"id":1,"rank":"infantry","location":"europe"}}},"defender":{"username":"napoleon","units":{"1":{"id":1,"rank":"cavalry","location":"europe"}}}}
2026-03-01T23:19:23.798Z napoleon: {"toLocation":"europe","units":[{"id":1,"rank":"infantry","location":"europe"}],"player":{"username":"washington","units":{"1":{"id":1,"rank":"infantry","location":"europe"}}}}
2026-03-01T23:19:24.798Z undefined: {"attacker":{"username":"washington","units":{"1":{"id":1,"rank":"infantry","location":"europe"}}},"defender":{"username":"napoleon","units":{"1":{"id":1,"rank":"cavalry","location":"europe"}}}}
2026-03-01T23:19:25.799Z undefined: {"attacker":{"username":"washington","units":{"1":{"id":1,"rank":"infantry","location":"europe"}}},"defender":{"username":"napoleon","units":{"1":{"id":1,"rank":"cavalry","location":"europe"}}}}
2026-03-01T23:19:25.847Z undefined: {"attacker":{"username":"washington","units":{"1":{"id":1,"rank":"infantry","location":"europe"}}},"defender":{"username":"napoleon","units":{"1":{"id":1,"rank":"cavalry","location":"europe"}}}}
2026-03-01T23:19:26.847Z napoleon: {"toLocation":"europe","units":[{"id":1,"rank":"infantry","location":"europe"}],"player":{"username":"washington","units":{"1":{"id":1,"rank":"infantry","location":"europe"}}}}
2026-03-01T23:19:27.849Z undefined: {"attacker":{"username":"washington","units":{"1":{"id":1,"rank":"infantry","location":"europe"}}},"defender":{"username":"napoleon","units":{"1":{"id":1,"rank":"cavalry","location":"europe"}}}}
2026-03-01T23:19:27.900Z undefined: {"attacker":{"username":"washington","units":{"1":{"id":1,"rank":"infantry","location":"europe"}}},"defender":{"username":"napoleon","units":{"1":{"id":1,"rank":"cavalry","location":"europe"}}}}
2026-03-01T23:19:28.900Z napoleon: {"toLocation":"europe","units":[{"id":1,"rank":"infantry","location":"europe"}],"player":{"username":"washington","units":{"1":{"id":1,"rank":"infantry","location":"europe"}}}}
2026-03-01T23:19:29.902Z undefined: {"attacker":{"username":"washington","units":{"1":{"id":1,"rank":"infantry","location":"europe"}}},"defender":{"username":"napoleon","units":{"1":{"id":1,"rank":"cavalry","location":"europe"}}}}
2026-03-01T23:19:29.948Z undefined: {"attacker":{"username":"washington","units":{"1":{"id":1,"rank":"infantry","location":"europe"}}},"defender":{"username":"napoleon","units":{"1":{"id":1,"rank":"cavalry","location":"europe"}}}}
2026-03-01T23:19:32.583Z napoleon: {"toLocation":"europe","units":[{"id":1,"rank":"infantry","location":"europe"}],"player":{"username":"washington","units":{"1":{"id":1,"rank":"infantry","location":"europe"}}}}
2026-03-01T23:19:33.584Z undefined: {"attacker":{"username":"washington","units":{"1":{"id":1,"rank":"infantry","location":"europe"}}},"defender":{"username":"napoleon","units":{"1":{"id":1,"rank":"cavalry","location":"europe"}}}}
2026-03-01T23:19:33.638Z undefined: {"attacker":{"username":"washington","units":{"1":{"id":1,"rank":"infantry","location":"europe"}}},"defender":{"username":"napoleon","units":{"1":{"id":1,"rank":"cavalry","location":"europe"}}}}
2026-03-01T23:19:34.638Z napoleon: {"toLocation":"europe","units":[{"id":1,"rank":"infantry","location":"europe"}],"player":{"username":"washington","units":{"1":{"id":1,"rank":"infantry","location":"europe"}}}}
2026-03-01T23:19:35.640Z undefined: {"attacker":{"username":"washington","units":{"1":{"id":1,"rank":"infantry","location":"europe"}}},"defender":{"username":"napoleon","units":{"1":{"id":1,"rank":"cavalry","location":"europe"}}}}
2026-03-01T23:19:35.687Z napoleon: {"toLocation":"europe","units":[{"id":1,"rank":"infantry","location":"europe"}],"player":{"username":"washington","units":{"1":{"id":1,"rank":"infantry","location":"europe"}}}}
2026-03-01T23:19:36.687Z undefined: {"attacker":{"username":"washington","units":{"1":{"id":1,"rank":"infantry","location":"europe"}}},"defender":{"username":"napoleon","units":{"1":{"id":1,"rank":"cavalry","location":"europe"}}}}
2026-03-01T23:19:37.689Z undefined: {"attacker":{"username":"washington","units":{"1":{"id":1,"rank":"infantry","location":"europe"}}},"defender":{"username":"napoleon","units":{"1":{"id":1,"rank":"cavalry","location":"europe"}}}}
2026-03-01T23:19:37.736Z undefined: {"attacker":{"username":"washington","units":{"1":{"id":1,"rank":"infantry","location":"europe"}}},"defender":{"username":"napoleon","units":{"1":{"id":1,"rank":"cavalry","location":"europe"}}}}
2026-03-01T23:19:38.736Z napoleon: {"toLocation":"europe","units":[{"id":1,"rank":"infantry","location":"europe"}],"player":{"username":"washington","units":{"1":{"id":1,"rank":"infantry","location":"europe"}}}}
2026-03-01T23:19:39.738Z undefined: {"attacker":{"username":"washington","units":{"1":{"id":1,"rank":"infantry","location":"europe"}}},"defender":{"username":"napoleon","units":{"1":{"id":1,"rank":"cavalry","location":"europe"}}}}
2026-03-01T23:19:39.788Z undefined: {"attacker":{"username":"washington","units":{"1":{"id":1,"rank":"infantry","location":"europe"}}},"defender":{"username":"napoleon","units":{"1":{"id":1,"rank":"cavalry","location":"europe"}}}}
2026-03-01T23:19:40.788Z napoleon: {"toLocation":"europe","units":[{"id":1,"rank":"infantry","location":"europe"}],"player":{"username":"washington","units":{"1":{"id":1,"rank":"infantry","location":"europe"}}}}
2026-03-01T23:19:41.790Z undefined: {"attacker":{"username":"washington","units":{"1":{"id":1,"rank":"infantry","location":"europe"}}},"defender":{"username":"napoleon","units":{"1":{"id":1,"rank":"cavalry","location":"europe"}}}}
2026-03-01T23:19:41.837Z napoleon: {"toLocation":"europe","units":[{"id":1,"rank":"infantry","location":"europe"}],"player":{"username":"washington","units":{"1":{"id":1,"rank":"infantry","location":"europe"}}}}
2026-03-01T23:19:42.837Z undefined: {"attacker":{"username":"washington","units":{"1":{"id":1,"rank":"infantry","location":"europe"}}},"defender":{"username":"napoleon","units":{"1":{"id":1,"rank":"cavalry","location":"europe"}}}}
2026-03-01T23:19:43.839Z undefined: {"attacker":{"username":"washington","units":{"1":{"id":1,"rank":"infantry","location":"europe"}}},"defender":{"username":"napoleon","units":{"1":{"id":1,"rank":"cavalry","location":"europe"}}}}
2026-03-01T23:19:43.886Z undefined: {"attacker":{"username":"washington","units":{"1":{"id":1,"rank":"infantry","location":"europe"}}},"defender":{"username":"napoleon","units":{"1":{"id":1,"rank":"cavalry","location":"europe"}}}}
2026-03-01T23:19:44.886Z napoleon: {"toLocation":"europe","units":[{"id":1,"rank":"infantry","location":"europe"}],"player":{"username":"washington","units":{"1":{"id":1,"rank":"infantry","location":"europe"}}}}
2026-03-01T23:19:45.887Z undefined: {"attacker":{"username":"washington","units":{"1":{"id":1,"rank":"infantry","location":"europe"}}},"defender":{"username":"napoleon","units":{"1":{"id":1,"rank":"cavalry","location":"europe"}}}}
2026-03-01T23:19:45.937Z undefined: {"attacker":{"username":"washington","units":{"1":{"id":1,"rank":"infantry","location":"europe"}}},"defender":{"username":"napoleon","units":{"1":{"id":1,"rank":"cavalry","location":"europe"}}}}
2026-03-01T23:19:46.937Z napoleon: {"toLocation":"europe","units":[{"id":1,"rank":"infantry","location":"europe"}],"player":{"username":"washington","units":{"1":{"id":1,"rank":"infantry","location":"europe"}}}}
2026-03-01T23:19:47.939Z undefined: {"attacker":{"username":"washington","units":{"1":{"id":1,"rank":"infantry","location":"europe"}}},"defender":{"username":"napoleon","units":{"1":{"id":1,"rank":"cavalry","location":"europe"}}}}
2026-03-01T23:19:47.988Z undefined: {"attacker":{"username":"washington","units":{"1":{"id":1,"rank":"infantry","location":"europe"}}},"defender":{"username":"napoleon","units":{"1":{"id":1,"rank":"cavalry","location":"europe"}}}}
2026-03-01T23:19:48.988Z napoleon: {"toLocation":"europe","units":[{"id":1,"rank":"infantry","location":"europe"}],"player":{"username":"washington","units":{"1":{"id":1,"rank":"infantry","location":"europe"}}}}
2026-03-01T23:19:49.989Z undefined: {"attacker":{"username":"washington","units":{"1":{"id":1,"rank":"infantry","location":"europe"}}},"defender":{"username":"napoleon","units":{"1":{"id":1,"rank":"cavalry","location":"europe"}}}}
2026-03-01T23:19:50.038Z undefined: {"attacker":{"username":"washington","units":{"1":{"id":1,"rank":"infantry","location":"europe"}}},"defender":{"username":"napoleon","units":{"1":{"id":1,"rank":"cavalry","location":"europe"}}}}
2026-03-01T23:19:51.038Z napoleon: {"toLocation":"europe","units":[{"id":1,"rank":"infantry","location":"europe"}],"player":{"username":"washington","units":{"1":{"id":1,"rank":"infantry","location":"europe"}}}}
2026-03-01T23:19:52.039Z undefined: {"attacker":{"username":"washington","units":{"1":{"id":1,"rank":"infantry","location":"europe"}}},"defender":{"username":"napoleon","units":{"1":{"id":1,"rank":"cavalry","location":"europe"}}}}
2026-03-01T23:19:52.087Z napoleon: {"toLocation":"europe","units":[{"id":1,"rank":"infantry","location":"europe"}],"player":{"username":"washington","units":{"1":{"id":1,"rank":"infantry","location":"europe"}}}}
2026-03-01T23:19:53.087Z undefined: {"attacker":{"username":"washington","units":{"1":{"id":1,"rank":"infantry","location":"europe"}}},"defender":{"username":"napoleon","units":{"1":{"id":1,"rank":"cavalry","location":"europe"}}}}
2026-03-01T23:19:54.089Z undefined: {"attacker":{"username":"washington","units":{"1":{"id":1,"rank":"infantry","location":"europe"}}},"defender":{"username":"napoleon","units":{"1":{"id":1,"rank":"cavalry","location":"europe"}}}}
2026-03-01T23:19:54.136Z undefined: {"attacker":{"username":"washington","units":{"1":{"id":1,"rank":"infantry","location":"europe"}}},"defender":{"username":"napoleon","units":{"1":{"id":1,"rank":"cavalry","location":"europe"}}}}
2026-03-01T23:19:55.136Z napoleon: {"toLocation":"europe","units":[{"id":1,"rank":"infantry","location":"europe"}],"player":{"username":"washington","units":{"1":{"id":1,"rank":"infantry","location":"europe"}}}}
2026-03-01T23:19:56.138Z undefined: {"attacker":{"username":"washington","units":{"1":{"id":1,"rank":"infantry","location":"europe"}}},"defender":{"username":"napoleon","units":{"1":{"id":1,"rank":"cavalry","location":"europe"}}}}
2026-03-01T23:19:56.187Z undefined: {"attacker":{"username":"washington","units":{"1":{"id":1,"rank":"infantry","location":"europe"}}},"defender":{"username":"napoleon","units":{"1":{"id":1,"rank":"cavalry","location":"europe"}}}}
2026-03-01T23:19:57.187Z napoleon: {"toLocation":"europe","units":[{"id":1,"rank":"infantry","location":"europe"}],"player":{"username":"washington","units":{"1":{"id":1,"rank":"infantry","location":"europe"}}}}
2026-03-01T23:19:59.888Z undefined: {"attacker":{"username":"washington","units":{"1":{"id":1,"rank":"infantry","location":"europe"}}},"defender":{"username":"napoleon","units":{"1":{"id":1,"rank":"cavalry","location":"europe"}}}}
2026-03-01T23:19:59.943Z undefined: {"attacker":{"username":"washington","units":{"1":{"id":1,"rank":"infantry","location":"europe"}}},"defender":{"username":"napoleon","units":{"1":{"id":1,"rank":"cavalry","location":"europe"}}}}
2026-03-01T23:20:00.944Z napoleon: {"toLocation":"europe","units":[{"id":1,"rank":"infantry","location":"europe"}],"player":{"username":"washington","units":{"1":{"id":1,"rank":"infantry","location":"europe"}}}}
2026-03-01T23:20:01.946Z undefined: {"attacker":{"username":"washington","units":{"1":{"id":1,"rank":"infantry","location":"europe"}}},"defender":{"username":"napoleon","units":{"1":{"id":1,"rank":"cavalry","location":"europe"}}}}
2026-03-01T23:20:01.996Z undefined: {"attacker":{"username":"washington","units":{"1":{"id":1,"rank":"infantry","location":"europe"}}},"defender":{"username":"napoleon","units":{"1":{"id":1,"rank":"cavalry","location":"europe"}}}}
2026-03-01T23:20:02.997Z napoleon: {"toLocation":"europe","units":[{"id":1,"rank":"infantry","location":"europe"}],"player":{"username":"washington","units":{"1":{"id":1,"rank":"infantry","location":"europe"}}}}
2026-03-01T23:20:03.999Z undefined: {"attacker":{"username":"washington","units":{"1":{"id":1,"rank":"infantry","location":"europe"}}},"defender":{"username":"napoleon","units":{"1":{"id":1,"rank":"cavalry","location":"europe"}}}}
2026-03-01T23:20:04.046Z undefined: {"attacker":{"username":"washington","units":{"1":{"id":1,"rank":"infantry","location":"europe"}}},"defender":{"username":"napoleon","units":{"1":{"id":1,"rank":"cavalry","location":"europe"}}}}
2026-03-01T23:20:05.046Z napoleon: {"toLocation":"europe","units":[{"id":1,"rank":"infantry","location":"europe"}],"player":{"username":"washington","units":{"1":{"id":1,"rank":"infantry","location":"europe"}}}}
2026-03-01T23:20:06.048Z undefined: {"attacker":{"username":"washington","units":{"1":{"id":1,"rank":"infantry","location":"europe"}}},"defender":{"username":"napoleon","units":{"1":{"id":1,"rank":"cavalry","location":"europe"}}}}
2026-03-01T23:20:06.096Z napoleon: {"toLocation":"europe","units":[{"id":1,"rank":"infantry","location":"europe"}],"player":{"username":"washington","units":{"1":{"id":1,"rank":"infantry","location":"europe"}}}}
2026-03-01T23:20:07.096Z undefined: {"attacker":{"username":"washington","units":{"1":{"id":1,"rank":"infantry","location":"europe"}}},"defender":{"username":"napoleon","units":{"1":{"id":1,"rank":"cavalry","location":"europe"}}}}
2026-03-01T23:20:08.098Z undefined: {"attacker":{"username":"washington","units":{"1":{"id":1,"rank":"infantry","location":"europe"}}},"defender":{"username":"napoleon","units":{"1":{"id":1,"rank":"cavalry","location":"europe"}}}}
2026-03-01T23:20:08.145Z undefined: {"attacker":{"username":"washington","units":{"1":{"id":1,"rank":"infantry","location":"europe"}}},"defender":{"username":"napoleon","units":{"1":{"id":1,"rank":"cavalry","location":"europe"}}}}
2026-03-01T23:20:09.145Z napoleon: {"toLocation":"europe","units":[{"id":1,"rank":"infantry","location":"europe"}],"player":{"username":"washington","units":{"1":{"id":1,"rank":"infantry","location":"europe"}}}}
2026-03-01T23:20:10.147Z undefined: {"attacker":{"username":"washington","units":{"1":{"id":1,"rank":"infantry","location":"europe"}}},"defender":{"username":"napoleon","units":{"1":{"id":1,"rank":"cavalry","location":"europe"}}}}
2026-03-01T23:20:10.196Z undefined: {"attacker":{"username":"washington","units":{"1":{"id":1,"rank":"infantry","location":"europe"}}},"defender":{"username":"napoleon","units":{"1":{"id":1,"rank":"cavalry","location":"europe"}}}}
2026-03-01T23:20:11.196Z napoleon: {"toLocation":"europe","units":[{"id":1,"rank":"infantry","location":"europe"}],"player":{"username":"washington","units":{"1":{"id":1,"rank":"infantry","location":"europe"}}}}
2026-03-01T23:20:12.198Z undefined: {"attacker":{"username":"washington","units":{"1":{"id":1,"rank":"infantry","location":"europe"}}},"defender":{"username":"napoleon","units":{"1":{"id":1,"rank":"cavalry","location":"europe"}}}}
2026-03-01T23:20:12.246Z undefined: {"attacker":{"username":"washington","units":{"1":{"id":1,"rank":"infantry","location":"europe"}}},"defender":{"username":"napoleon","units":{"1":{"id":1,"rank":"cavalry","location":"europe"}}}}
2026-03-01T23:20:13.246Z napoleon: {"toLocation":"europe","units":[{"id":1,"rank":"infantry","location":"europe"}],"player":{"username":"washington","units":{"1":{"id":1,"rank":"infantry","location":"europe"}}}}
2026-03-01T23:20:14.248Z undefined: {"attacker":{"username":"washington","units":{"1":{"id":1,"rank":"infantry","location":"europe"}}},"defender":{"username":"napoleon","units":{"1":{"id":1,"rank":"cavalry","location":"europe"}}}}
2026-03-01T23:20:14.296Z undefined: {"attacker":{"username":"washington","units":{"1":{"id":1,"rank":"infantry","location":"europe"}}},"defender":{"username":"napoleon","units":{"1":{"id":1,"rank":"cavalry","location":"europe"}}}}
2026-03-01T23:20:15.296Z napoleon: {"toLocation":"europe","units":[{"id":1,"rank":"infantry","location":"europe"}],"player":{"username":"washington","units":{"1":{"id":1,"rank":"infantry","location":"europe"}}}}
2026-03-01T23:20:16.297Z undefined: {"attacker":{"username":"washington","units":{"1":{"id":1,"rank":"infantry","location":"europe"}}},"defender":{"username":"napoleon","units":{"1":{"id":1,"rank":"cavalry","location":"europe"}}}}
2026-03-01T23:20:16.346Z undefined: {"attacker":{"username":"washington","units":{"1":{"id":1,"rank":"infantry","location":"europe"}}},"defender":{"username":"napoleon","units":{"1":{"id":1,"rank":"cavalry","location":"europe"}}}}
2026-03-01T23:20:17.346Z napoleon: {"toLocation":"europe","units":[{"id":1,"rank":"infantry","location":"europe"}],"player":{"username":"washington","units":{"1":{"id":1,"rank":"infantry","location":"europe"}}}}
2026-03-01T23:20:18.348Z undefined: {"attacker":{"username":"washington","units":{"1":{"id":1,"rank":"infantry","location":"europe"}}},"defender":{"username":"napoleon","units":{"1":{"id":1,"rank":"cavalry","location":"europe"}}}}
2026-03-01T23:20:18.396Z undefined: {"attacker":{"username":"washington","units":{"1":{"id":1,"rank":"infantry","location":"europe"}}},"defender":{"username":"napoleon","units":{"1":{"id":1,"rank":"cavalry","location":"europe"}}}}
2026-03-01T23:20:19.396Z napoleon: {"toLocation":"europe","units":[{"id":1,"rank":"infantry","location":"europe"}],"player":{"username":"washington","units":{"1":{"id":1,"rank":"infantry","location":"europe"}}}}
2026-03-01T23:20:20.398Z undefined: {"attacker":{"username":"washington","units":{"1":{"id":1,"rank":"infantry","location":"europe"}}},"defender":{"username":"napoleon","units":{"1":{"id":1,"rank":"cavalry","location":"europe"}}}}
2026-03-01T23:20:20.446Z undefined: {"attacker":{"username":"washington","units":{"1":{"id":1,"rank":"infantry","location":"europe"}}},"defender":{"username":"napoleon","units":{"1":{"id":1,"rank":"cavalry","location":"europe"}}}}
2026-03-01T23:20:21.446Z napoleon: {"toLocation":"europe","units":[{"id":1,"rank":"infantry","location":"europe"}],"player":{"username":"washington","units":{"1":{"id":1,"rank":"infantry","location":"europe"}}}}
2026-03-01T23:20:22.447Z undefined: {"attacker":{"username":"washington","units":{"1":{"id":1,"rank":"infantry","location":"europe"}}},"defender":{"username":"napoleon","units":{"1":{"id":1,"rank":"cavalry","location":"europe"}}}}
2026-03-01T23:20:22.496Z undefined: {"attacker":{"username":"washington","units":{"1":{"id":1,"rank":"infantry","location":"europe"}}},"defender":{"username":"napoleon","units":{"1":{"id":1,"rank":"cavalry","location":"europe"}}}}
2026-03-01T23:20:23.496Z napoleon: {"toLocation":"europe","units":[{"id":1,"rank":"infantry","location":"europe"}],"player":{"username":"washington","units":{"1":{"id":1,"rank":"infantry","location":"europe"}}}}
2026-03-01T23:20:24.498Z undefined: {"attacker":{"username":"washington","units":{"1":{"id":1,"rank":"infantry","location":"europe"}}},"defender":{"username":"napoleon","units":{"1":{"id":1,"rank":"cavalry","location":"europe"}}}}
2026-03-01T23:20:24.546Z undefined: {"attacker":{"username":"washington","units":{"1":{"id":1,"rank":"infantry","location":"europe"}}},"defender":{"username":"napoleon","units":{"1":{"id":1,"rank":"cavalry","location":"europe"}}}}
2026-03-01T23:20:27.188Z napoleon: {"toLocation":"europe","units":[{"id":1,"rank":"infantry","location":"europe"}],"player":{"username":"washington","units":{"1":{"id":1,"rank":"infantry","location":"europe"}}}}
2026-03-01T23:20:28.190Z undefined: {"attacker":{"username":"washington","units":{"1":{"id":1,"rank":"infantry","location":"europe"}}},"defender":{"username":"napoleon","units":{"1":{"id":1,"rank":"cavalry","location":"europe"}}}}
2026-03-01T23:20:28.242Z undefined: {"attacker":{"username":"washington","units":{"1":{"id":1,"rank":"infantry","location":"europe"}}},"defender":{"username":"napoleon","units":{"1":{"id":1,"rank":"cavalry","location":"europe"}}}}
2026-03-01T23:20:29.242Z napoleon: {"toLocation":"europe","units":[{"id":1,"rank":"infantry","location":"europe"}],"player":{"username":"washington","units":{"1":{"id":1,"rank":"infantry","location":"europe"}}}}
2026-03-01T23:20:30.244Z undefined: {"attacker":{"username":"washington","units":{"1":{"id":1,"rank":"infantry","location":"europe"}}},"defender":{"username":"napoleon","units":{"1":{"id":1,"rank":"cavalry","location":"europe"}}}}
2026-03-01T23:20:30.290Z napoleon: {"toLocation":"europe","units":[{"id":1,"rank":"infantry","location":"europe"}],"player":{"username":"washington","units":{"1":{"id":1,"rank":"infantry","location":"europe"}}}}
2026-03-01T23:20:31.290Z undefined: {"attacker":{"username":"washington","units":{"1":{"id":1,"rank":"infantry","location":"europe"}}},"defender":{"username":"napoleon","units":{"1":{"id":1,"rank":"cavalry","location":"europe"}}}}
2026-03-01T23:20:32.292Z undefined: {"attacker":{"username":"washington","units":{"1":{"id":1,"rank":"infantry","location":"europe"}}},"defender":{"username":"napoleon","units":{"1":{"id":1,"rank":"cavalry","location":"europe"}}}}
2026-03-01T23:20:32.340Z undefined: {"attacker":{"username":"washington","units":{"1":{"id":1,"rank":"infantry","location":"europe"}}},"defender":{"username":"napoleon","units":{"1":{"id":1,"rank":"cavalry","location":"europe"}}}}
2026-03-01T23:20:33.340Z napoleon: {"toLocation":"europe","units":[{"id":1,"rank":"infantry","location":"europe"}],"player":{"username":"washington","units":{"1":{"id":1,"rank":"infantry","location":"europe"}}}}
2026-03-01T23:20:34.342Z undefined: {"attacker":{"username":"washington","units":{"1":{"id":1,"rank":"infantry","location":"europe"}}},"defender":{"username":"napoleon","units":{"1":{"id":1,"rank":"cavalry","location":"europe"}}}}
2026-03-01T23:20:34.391Z undefined: {"attacker":{"username":"washington","units":{"1":{"id":1,"rank":"infantry","location":"europe"}}},"defender":{"username":"napoleon","units":{"1":{"id":1,"rank":"cavalry","location":"europe"}}}}
2026-03-01T23:20:35.391Z napoleon: {"toLocation":"europe","units":[{"id":1,"rank":"infantry","location":"europe"}],"player":{"username":"washington","units":{"1":{"id":1,"rank":"infantry","location":"europe"}}}}
2026-03-01T23:20:36.393Z undefined: {"attacker":{"username":"washington","units":{"1":{"id":1,"rank":"infantry","location":"europe"}}},"defender":{"username":"napoleon","units":{"1":{"id":1,"rank":"cavalry","location":"europe"}}}}
2026-03-01T23:20:36.441Z undefined: {"attacker":{"username":"washington","units":{"1":{"id":1,"rank":"infantry","location":"europe"}}},"defender":{"username":"napoleon","units":{"1":{"id":1,"rank":"cavalry","location":"europe"}}}}
2026-03-01T23:20:37.441Z napoleon: {"toLocation":"europe","units":[{"id":1,"rank":"infantry","location":"europe"}],"player":{"username":"washington","units":{"1":{"id":1,"rank":"infantry","location":"europe"}}}}
2026-03-01T23:20:38.443Z undefined: {"attacker":{"username":"washington","units":{"1":{"id":1,"rank":"infantry","location":"europe"}}},"defender":{"username":"napoleon","units":{"1":{"id":1,"rank":"cavalry","location":"europe"}}}}
2026-03-01T23:20:38.491Z undefined: {"attacker":{"username":"washington","units":{"1":{"id":1,"rank":"infantry","location":"europe"}}},"defender":{"username":"napoleon","units":{"1":{"id":1,"rank":"cavalry","location":"europe"}}}}
2026-03-01T23:20:39.491Z napoleon: {"toLocation":"europe","units":[{"id":1,"rank":"infantry","location":"europe"}],"player":{"username":"washington","units":{"1":{"id":1,"rank":"infantry","location":"europe"}}}}
2026-03-01T23:20:40.493Z undefined: {"attacker":{"username":"washington","units":{"1":{"id":1,"rank":"infantry","location":"europe"}}},"defender":{"username":"napoleon","units":{"1":{"id":1,"rank":"cavalry","location":"europe"}}}}
2026-03-01T23:20:40.541Z undefined: {"attacker":{"username":"washington","units":{"1":{"id":1,"rank":"infantry","location":"europe"}}},"defender":{"username":"napoleon","units":{"1":{"id":1,"rank":"cavalry","location":"europe"}}}}
2026-03-01T23:20:41.541Z napoleon: {"toLocation":"europe","units":[{"id":1,"rank":"infantry","location":"europe"}],"player":{"username":"washington","units":{"1":{"id":1,"rank":"infantry","location":"europe"}}}}
2026-03-01T23:20:41.543Z undefined: {"attacker":{"username":"washington","units":{"1":{"id":1,"rank":"infantry","location":"europe"}}},"defender":{"username":"napoleon","units":{"1":{"id":1,"rank":"cavalry","location":"europe"}}}}
2026-03-01T23:20:42.544Z undefined: {"attacker":{"username":"washington","units":{"1":{"id":1,"rank":"infantry","location":"europe"}}},"defender":{"username":"napoleon","units":{"1":{"id":1,"rank":"cavalry","location":"europe"}}}}
2026-03-01T23:20:43.544Z napoleon: {"toLocation":"europe","units":[{"id":1,"rank":"infantry","location":"europe"}],"player":{"username":"washington","units":{"1":{"id":1,"rank":"infantry","location":"europe"}}}}
2026-03-01T23:20:44.546Z undefined: {"attacker":{"username":"washington","units":{"1":{"id":1,"rank":"infantry","location":"europe"}}},"defender":{"username":"napoleon","units":{"1":{"id":1,"rank":"cavalry","location":"europe"}}}}
2026-03-01T23:20:44.592Z undefined: {"attacker":{"username":"washington","units":{"1":{"id":1,"rank":"infantry","location":"europe"}}},"defender":{"username":"napoleon","units":{"1":{"id":1,"rank":"cavalry","location":"europe"}}}}
2026-03-01T23:20:45.592Z napoleon: {"toLocation":"europe","units":[{"id":1,"rank":"infantry","location":"europe"}],"player":{"username":"washington","units":{"1":{"id":1,"rank":"infantry","location":"europe"}}}}
2026-03-01T23:20:46.594Z undefined: {"attacker":{"username":"washington","units":{"1":{"id":1,"rank":"infantry","location":"europe"}}},"defender":{"username":"napoleon","units":{"1":{"id":1,"rank":"cavalry","location":"europe"}}}}
2026-03-01T23:20:46.642Z undefined: {"attacker":{"username":"washington","units":{"1":{"id":1,"rank":"infantry","location":"europe"}}},"defender":{"username":"napoleon","units":{"1":{"id":1,"rank":"cavalry","location":"europe"}}}}
2026-03-01T23:20:47.642Z napoleon: {"toLocation":"europe","units":[{"id":1,"rank":"infantry","location":"europe"}],"player":{"username":"washington","units":{"1":{"id":1,"rank":"infantry","location":"europe"}}}}
2026-03-01T23:20:48.644Z undefined: {"attacker":{"username":"washington","units":{"1":{"id":1,"rank":"infantry","location":"europe"}}},"defender":{"username":"napoleon","units":{"1":{"id":1,"rank":"cavalry","location":"europe"}}}}
2026-03-01T23:20:48.692Z undefined: {"attacker":{"username":"washington","units":{"1":{"id":1,"rank":"infantry","location":"europe"}}},"defender":{"username":"napoleon","units":{"1":{"id":1,"rank":"cavalry","location":"europe"}}}}
2026-03-01T23:20:49.692Z napoleon: {"toLocation":"europe","units":[{"id":1,"rank":"infantry","location":"europe"}],"player":{"username":"washington","units":{"1":{"id":1,"rank":"infantry","location":"europe"}}}}
2026-03-01T23:20:50.693Z undefined: {"attacker":{"username":"washington","units":{"1":{"id":1,"rank":"infantry","location":"europe"}}},"defender":{"username":"napoleon","units":{"1":{"id":1,"rank":"cavalry","location":"europe"}}}}
2026-03-01T23:20:50.742Z napoleon: {"toLocation":"europe","units":[{"id":1,"rank":"infantry","location":"europe"}],"player":{"username":"washington","units":{"1":{"id":1,"rank":"infantry","location":"europe"}}}}
2026-03-01T23:20:54.485Z undefined: {"attacker":{"username":"washington","units":{"1":{"id":1,"rank":"infantry","location":"europe"}}},"defender":{"username":"napoleon","units":{"1":{"id":1,"rank":"cavalry","location":"europe"}}}}
2026-03-01T23:20:55.488Z undefined: {"attacker":{"username":"washington","units":{"1":{"id":1,"rank":"infantry","location":"europe"}}},"defender":{"username":"napoleon","units":{"1":{"id":1,"rank":"cavalry","location":"europe"}}}}
2026-03-01T23:20:55.535Z undefined: {"attacker":{"username":"washington","units":{"1":{"id":1,"rank":"infantry","location":"europe"}}},"defender":{"username":"napoleon","units":{"1":{"id":1,"rank":"cavalry","location":"europe"}}}}
2026-03-01T23:20:56.535Z napoleon: {"toLocation":"europe","units":[{"id":1,"rank":"infantry","location":"europe"}],"player":{"username":"washington","units":{"1":{"id":1,"rank":"infantry","location":"europe"}}}}
2026-03-01T23:20:57.537Z undefined: {"attacker":{"username":"washington","units":{"1":{"id":1,"rank":"infantry","location":"europe"}}},"defender":{"username":"napoleon","units":{"1":{"id":1,"rank":"cavalry","location":"europe"}}}}
2026-03-01T23:20:57.586Z undefined: {"attacker":{"username":"washington","units":{"1":{"id":1,"rank":"infantry","location":"europe"}}},"defender":{"username":"napoleon","units":{"1":{"id":1,"rank":"cavalry","location":"europe"}}}}
2026-03-01T23:20:58.586Z napoleon: {"toLocation":"europe","units":[{"id":1,"rank":"infantry","location":"europe"}],"player":{"username":"washington","units":{"1":{"id":1,"rank":"infantry","location":"europe"}}}}
2026-03-01T23:20:59.588Z undefined: {"attacker":{"username":"washington","units":{"1":{"id":1,"rank":"infantry","location":"europe"}}},"defender":{"username":"napoleon","units":{"1":{"id":1,"rank":"cavalry","location":"europe"}}}}
2026-03-01T23:20:59.635Z napoleon: {"toLocation":"europe","units":[{"id":1,"rank":"infantry","location":"europe"}],"player":{"username":"washington","units":{"1":{"id":1,"rank":"infantry","location":"europe"}}}}
2026-03-01T23:21:00.635Z undefined: {"attacker":{"username":"washington","units":{"1":{"id":1,"rank":"infantry","location":"europe"}}},"defender":{"username":"napoleon","units":{"1":{"id":1,"rank":"cavalry","location":"europe"}}}}
2026-03-01T23:21:01.637Z undefined: {"attacker":{"username":"washington","units":{"1":{"id":1,"rank":"infantry","location":"europe"}}},"defender":{"username":"napoleon","units":{"1":{"id":1,"rank":"cavalry","location":"europe"}}}}
2026-03-01T23:21:01.685Z undefined: {"attacker":{"username":"washington","units":{"1":{"id":1,"rank":"infantry","location":"europe"}}},"defender":{"username":"napoleon","units":{"1":{"id":1,"rank":"cavalry","location":"europe"}}}}
2026-03-01T23:21:02.685Z napoleon: {"toLocation":"europe","units":[{"id":1,"rank":"infantry","location":"europe"}],"player":{"username":"washington","units":{"1":{"id":1,"rank":"infantry","location":"europe"}}}}
2026-03-01T23:21:03.687Z undefined: {"attacker":{"username":"washington","units":{"1":{"id":1,"rank":"infantry","location":"europe"}}},"defender":{"username":"napoleon","units":{"1":{"id":1,"rank":"cavalry","location":"europe"}}}}
2026-03-01T23:21:03.736Z undefined: {"attacker":{"username":"washington","units":{"1":{"id":1,"rank":"infantry","location":"europe"}}},"defender":{"username":"napoleon","units":{"1":{"id":1,"rank":"cavalry","location":"europe"}}}}
2026-03-01T23:21:04.736Z napoleon: {"toLocation":"europe","units":[{"id":1,"rank":"infantry","location":"europe"}],"player":{"username":"washington","units":{"1":{"id":1,"rank":"infantry","location":"europe"}}}}
2026-03-01T23:21:05.738Z undefined: {"attacker":{"username":"washington","units":{"1":{"id":1,"rank":"infantry","location":"europe"}}},"defender":{"username":"napoleon","units":{"1":{"id":1,"rank":"cavalry","location":"europe"}}}}
2026-03-01T23:21:05.786Z undefined: {"attacker":{"username":"washington","units":{"1":{"id":1,"rank":"infantry","location":"europe"}}},"defender":{"username":"napoleon","units":{"1":{"id":1,"rank":"cavalry","location":"europe"}}}}
2026-03-01T23:21:06.786Z napoleon: {"toLocation":"europe","units":[{"id":1,"rank":"infantry","location":"europe"}],"player":{"username":"washington","units":{"1":{"id":1,"rank":"infantry","location":"europe"}}}}
2026-03-01T23:21:07.788Z undefined: {"attacker":{"username":"washington","units":{"1":{"id":1,"rank":"infantry","location":"europe"}}},"defender":{"username":"napoleon","units":{"1":{"id":1,"rank":"cavalry","location":"europe"}}}}
2026-03-01T23:21:07.836Z undefined: {"attacker":{"username":"washington","units":{"1":{"id":1,"rank":"infantry","location":"europe"}}},"defender":{"username":"napoleon","units":{"1":{"id":1,"rank":"cavalry","location":"europe"}}}}
2026-03-01T23:21:08.836Z napoleon: {"toLocation":"europe","units":[{"id":1,"rank":"infantry","location":"europe"}],"player":{"username":"washington","units":{"1":{"id":1,"rank":"infantry","location":"europe"}}}}
2026-03-01T23:21:09.837Z undefined: {"attacker":{"username":"washington","units":{"1":{"id":1,"rank":"infantry","location":"europe"}}},"defender":{"username":"napoleon","units":{"1":{"id":1,"rank":"cavalry","location":"europe"}}}}
2026-03-01T23:21:09.885Z napoleon: {"toLocation":"europe","units":[{"id":1,"rank":"infantry","location":"europe"}],"player":{"username":"washington","units":{"1":{"id":1,"rank":"infantry","location":"europe"}}}}
2026-03-01T23:21:10.885Z undefined: {"attacker":{"username":"washington","units":{"1":{"id":1,"rank":"infantry","location":"europe"}}},"defender":{"username":"napoleon","units":{"1":{"id":1,"rank":"cavalry","location":"europe"}}}}
2026-03-01T23:21:11.887Z undefined: {"attacker":{"username":"washington","units":{"1":{"id":1,"rank":"infantry","location":"europe"}}},"defender":{"username":"napoleon","units":{"1":{"id":1,"rank":"cavalry","location":"europe"}}}}
2026-03-01T23:21:11.941Z undefined: {"attacker":{"username":"washington","units":{"1":{"id":1,"rank":"infantry","location":"europe"}}},"defender":{"username":"napoleon","units":{"1":{"id":1,"rank":"cavalry","location":"europe"}}}}
2026-03-01T23:21:12.941Z napoleon: {"toLocation":"europe","units":[{"id":1,"rank":"infantry","location":"europe"}],"player":{"username":"washington","units":{"1":{"id":1,"rank":"infantry","location":"europe"}}}}
2026-03-01T23:21:13.942Z undefined: {"attacker":{"username":"washington","units":{"1":{"id":1,"rank":"infantry","location":"europe"}}},"defender":{"username":"napoleon","units":{"1":{"id":1,"rank":"cavalry","location":"europe"}}}}
2026-03-01T23:21:13.997Z undefined: {"attacker":{"username":"washington","units":{"1":{"id":1,"rank":"infantry","location":"europe"}}},"defender":{"username":"napoleon","units":{"1":{"id":1,"rank":"cavalry","location":"europe"}}}}
2026-03-01T23:21:14.997Z napoleon: {"toLocation":"europe","units":[{"id":1,"rank":"infantry","location":"europe"}],"player":{"username":"washington","units":{"1":{"id":1,"rank":"infantry","location":"europe"}}}}
2026-03-01T23:21:15.999Z undefined: {"attacker":{"username":"washington","units":{"1":{"id":1,"rank":"infantry","location":"europe"}}},"defender":{"username":"napoleon","units":{"1":{"id":1,"rank":"cavalry","location":"europe"}}}}
2026-03-01T23:21:16.045Z napoleon: {"toLocation":"europe","units":[{"id":1,"rank":"infantry","location":"europe"}],"player":{"username":"washington","units":{"1":{"id":1,"rank":"infantry","location":"europe"}}}}
2026-03-01T23:21:17.046Z undefined: {"attacker":{"username":"washington","units":{"1":{"id":1,"rank":"infantry","location":"europe"}}},"defender":{"username":"napoleon","units":{"1":{"id":1,"rank":"cavalry","location":"europe"}}}}
2026-03-01T23:21:18.048Z undefined: {"attacker":{"username":"washington","units":{"1":{"id":1,"rank":"infantry","location":"europe"}}},"defender":{"username":"napoleon","units":{"1":{"id":1,"rank":"cavalry","location":"europe"}}}}
2026-03-01T23:21:18.095Z undefined: {"attacker":{"username":"washington","units":{"1":{"id":1,"rank":"infantry","location":"europe"}}},"defender":{"username":"napoleon","units":{"1":{"id":1,"rank":"cavalry","location":"europe"}}}}
2026-03-01T23:21:19.095Z napoleon: {"toLocation":"europe","units":[{"id":1,"rank":"infantry","location":"europe"}],"player":{"username":"washington","units":{"1":{"id":1,"rank":"infantry","location":"europe"}}}}
2026-03-01T23:21:21.791Z undefined: {"attacker":{"username":"washington","units":{"1":{"id":1,"rank":"infantry","location":"europe"}}},"defender":{"username":"napoleon","units":{"1":{"id":1,"rank":"cavalry","location":"europe"}}}}
2026-03-01T23:21:21.848Z undefined: {"attacker":{"username":"washington","units":{"1":{"id":1,"rank":"infantry","location":"europe"}}},"defender":{"username":"napoleon","units":{"1":{"id":1,"rank":"cavalry","location":"europe"}}}}
2026-03-01T23:21:22.848Z napoleon: {"toLocation":"europe","units":[{"id":1,"rank":"infantry","location":"europe"}],"player":{"username":"washington","units":{"1":{"id":1,"rank":"infantry","location":"europe"}}}}
2026-03-01T23:21:23.850Z undefined: {"attacker":{"username":"washington","units":{"1":{"id":1,"rank":"infantry","location":"europe"}}},"defender":{"username":"napoleon","units":{"1":{"id":1,"rank":"cavalry","location":"europe"}}}}
2026-03-01T23:21:23.896Z undefined: {"attacker":{"username":"washington","units":{"1":{"id":1,"rank":"infantry","location":"europe"}}},"defender":{"username":"napoleon","units":{"1":{"id":1,"rank":"cavalry","location":"europe"}}}}
2026-03-01T23:21:24.896Z napoleon: {"toLocation":"europe","units":[{"id":1,"rank":"infantry","location":"europe"}],"player":{"username":"washington","units":{"1":{"id":1,"rank":"infantry","location":"europe"}}}}
2026-03-01T23:21:24.897Z undefined: {"attacker":{"username":"washington","units":{"1":{"id":1,"rank":"infantry","location":"europe"}}},"defender":{"username":"napoleon","units":{"1":{"id":1,"rank":"cavalry","location":"europe"}}}}
2026-03-01T23:21:25.899Z napoleon: {"toLocation":"europe","units":[{"id":1,"rank":"infantry","location":"europe"}],"player":{"username":"washington","units":{"1":{"id":1,"rank":"infantry","location":"europe"}}}}
2026-03-01T23:21:26.899Z undefined: {"attacker":{"username":"washington","units":{"1":{"id":1,"rank":"infantry","location":"europe"}}},"defender":{"username":"napoleon","units":{"1":{"id":1,"rank":"cavalry","location":"europe"}}}}
2026-03-01T23:21:27.902Z undefined: {"attacker":{"username":"washington","units":{"1":{"id":1,"rank":"infantry","location":"europe"}}},"defender":{"username":"napoleon","units":{"1":{"id":1,"rank":"cavalry","location":"europe"}}}}
2026-03-01T23:21:27.956Z undefined: {"attacker":{"username":"washington","units":{"1":{"id":1,"rank":"infantry","location":"europe"}}},"defender":{"username":"napoleon","units":{"1":{"id":1,"rank":"cavalry","location":"europe"}}}}
2026-03-01T23:21:28.956Z napoleon: {"toLocation":"europe","units":[{"id":1,"rank":"infantry","location":"europe"}],"player":{"username":"washington","units":{"1":{"id":1,"rank":"infantry","location":"europe"}}}}
2026-03-01T23:21:29.958Z undefined: {"attacker":{"username":"washington","units":{"1":{"id":1,"rank":"infantry","location":"europe"}}},"defender":{"username":"napoleon","units":{"1":{"id":1,"rank":"cavalry","location":"europe"}}}}
2026-03-01T23:21:30.006Z napoleon: {"toLocation":"europe","units":[{"id":1,"rank":"infantry","location":"europe"}],"player":{"username":"washington","units":{"1":{"id":1,"rank":"infantry","location":"europe"}}}}
2026-03-01T23:21:31.006Z undefined: {"attacker":{"username":"washington","units":{"1":{"id":1,"rank":"infantry","location":"europe"}}},"defender":{"username":"napoleon","units":{"1":{"id":1,"rank":"cavalry","location":"europe"}}}}
2026-03-01T23:21:32.009Z undefined: {"attacker":{"username":"washington","units":{"1":{"id":1,"rank":"infantry","location":"europe"}}},"defender":{"username":"napoleon","units":{"1":{"id":1,"rank":"cavalry","location":"europe"}}}}
2026-03-01T23:21:32.055Z undefined: {"attacker":{"username":"washington","units":{"1":{"id":1,"rank":"infantry","location":"europe"}}},"defender":{"username":"napoleon","units":{"1":{"id":1,"rank":"cavalry","location":"europe"}}}}
2026-03-01T23:21:33.055Z napoleon: {"toLocation":"europe","units":[{"id":1,"rank":"infantry","location":"europe"}],"player":{"username":"washington","units":{"1":{"id":1,"rank":"infantry","location":"europe"}}}}
2026-03-01T23:21:34.057Z undefined: {"attacker":{"username":"washington","units":{"1":{"id":1,"rank":"infantry","location":"europe"}}},"defender":{"username":"napoleon","units":{"1":{"id":1,"rank":"cavalry","location":"europe"}}}}
2026-03-01T23:21:34.107Z undefined: {"attacker":{"username":"washington","units":{"1":{"id":1,"rank":"infantry","location":"europe"}}},"defender":{"username":"napoleon","units":{"1":{"id":1,"rank":"cavalry","location":"europe"}}}}
2026-03-01T23:21:35.107Z napoleon: {"toLocation":"europe","units":[{"id":1,"rank":"infantry","location":"europe"}],"player":{"username":"washington","units":{"1":{"id":1,"rank":"infantry","location":"europe"}}}}
2026-03-01T23:21:36.109Z undefined: {"attacker":{"username":"washington","units":{"1":{"id":1,"rank":"infantry","location":"europe"}}},"defender":{"username":"napoleon","units":{"1":{"id":1,"rank":"cavalry","location":"europe"}}}}
2026-03-01T23:21:36.156Z napoleon: {"toLocation":"europe","units":[{"id":1,"rank":"infantry","location":"europe"}],"player":{"username":"washington","units":{"1":{"id":1,"rank":"infantry","location":"europe"}}}}
2026-03-01T23:21:37.157Z undefined: {"attacker":{"username":"washington","units":{"1":{"id":1,"rank":"infantry","location":"europe"}}},"defender":{"username":"napoleon","units":{"1":{"id":1,"rank":"cavalry","location":"europe"}}}}
2026-03-01T23:21:38.159Z undefined: {"attacker":{"username":"washington","units":{"1":{"id":1,"rank":"infantry","location":"europe"}}},"defender":{"username":"napoleon","units":{"1":{"id":1,"rank":"cavalry","location":"europe"}}}}
2026-03-01T23:21:38.205Z undefined: {"attacker":{"username":"washington","units":{"1":{"id":1,"rank":"infantry","location":"europe"}}},"defender":{"username":"napoleon","units":{"1":{"id":1,"rank":"cavalry","location":"europe"}}}}
2026-03-01T23:21:39.205Z napoleon: {"toLocation":"europe","units":[{"id":1,"rank":"infantry","location":"europe"}],"player":{"username":"washington","units":{"1":{"id":1,"rank":"infantry","location":"europe"}}}}
2026-03-01T23:21:40.207Z undefined: {"attacker":{"username":"washington","units":{"1":{"id":1,"rank":"infantry","location":"europe"}}},"defender":{"username":"napoleon","units":{"1":{"id":1,"rank":"cavalry","location":"europe"}}}}
2026-03-01T23:21:40.257Z undefined: {"attacker":{"username":"washington","units":{"1":{"id":1,"rank":"infantry","location":"europe"}}},"defender":{"username":"napoleon","units":{"1":{"id":1,"rank":"cavalry","location":"europe"}}}}
2026-03-01T23:21:41.257Z napoleon: {"toLocation":"europe","units":[{"id":1,"rank":"infantry","location":"europe"}],"player":{"username":"washington","units":{"1":{"id":1,"rank":"infantry","location":"europe"}}}}
2026-03-01T23:21:42.259Z undefined: {"attacker":{"username":"washington","units":{"1":{"id":1,"rank":"infantry","location":"europe"}}},"defender":{"username":"napoleon","units":{"1":{"id":1,"rank":"cavalry","location":"europe"}}}}
2026-03-01T23:21:42.307Z undefined: {"attacker":{"username":"washington","units":{"1":{"id":1,"rank":"infantry","location":"europe"}}},"defender":{"username":"napoleon","units":{"1":{"id":1,"rank":"cavalry","location":"europe"}}}}
2026-03-01T23:21:43.307Z napoleon: {"toLocation":"europe","units":[{"id":1,"rank":"infantry","location":"europe"}],"player":{"username":"washington","units":{"1":{"id":1,"rank":"infantry","location":"europe"}}}}
2026-03-01T23:21:44.309Z undefined: {"attacker":{"username":"washington","units":{"1":{"id":1,"rank":"infantry","location":"europe"}}},"defender":{"username":"napoleon","units":{"1":{"id":1,"rank":"cavalry","location":"europe"}}}}
2026-03-01T23:21:44.358Z undefined: {"attacker":{"username":"washington","units":{"1":{"id":1,"rank":"infantry","location":"europe"}}},"defender":{"username":"napoleon","units":{"1":{"id":1,"rank":"cavalry","location":"europe"}}}}
2026-03-01T23:21:45.358Z napoleon: {"toLocation":"europe","units":[{"id":1,"rank":"infantry","location":"europe"}],"player":{"username":"washington","units":{"1":{"id":1,"rank":"infantry","location":"europe"}}}}
2026-03-01T23:21:46.359Z undefined: {"attacker":{"username":"washington","units":{"1":{"id":1,"rank":"infantry","location":"europe"}}},"defender":{"username":"napoleon","units":{"1":{"id":1,"rank":"cavalry","location":"europe"}}}}
2026-03-01T23:21:46.406Z undefined: {"attacker":{"username":"washington","units":{"1":{"id":1,"rank":"infantry","location":"europe"}}},"defender":{"username":"napoleon","units":{"1":{"id":1,"rank":"cavalry","location":"europe"}}}}
2026-03-01T23:21:49.080Z napoleon: {"toLocation":"europe","units":[{"id":1,"rank":"infantry","location":"europe"}],"player":{"username":"washington","units":{"1":{"id":1,"rank":"infantry","location":"europe"}}}}
2026-03-01T23:21:50.081Z undefined: {"attacker":{"username":"washington","units":{"1":{"id":1,"rank":"infantry","location":"europe"}}},"defender":{"username":"napoleon","units":{"1":{"id":1,"rank":"cavalry","location":"europe"}}}}
2026-03-01T23:24:38.610Z undefined: {"attacker":{"username":"washington","units":{"1":{"id":1,"rank":"infantry","location":"europe"}}},"defender":{"username":"napoleon","units":{"1":{"id":1,"rank":"cavalry","location":"europe"}}}}
2026-03-01T23:25:59.508Z napoleon: {"toLocation":"europe","units":[{"id":1,"rank":"infantry","location":"europe"}],"player":{"username":"washington","units":{"1":{"id":1,"rank":"infantry","location":"europe"}}}}
2026-03-01T23:25:59.506Z washington: {"toLocation":"europe","units":[{"id":1,"rank":"infantry","location":"europe"}],"player":{"username":"washington","units":{"1":{"id":1,"rank":"infantry","location":"europe"}}}}
2026-03-01T23:26:00.507Z undefined: {"attacker":{"username":"washington","units":{"1":{"id":1,"rank":"infantry","location":"europe"}}},"defender":{"username":"napoleon","units":{"1":{"id":1,"rank":"cavalry","location":"europe"}}}}
2026-03-06T05:01:31.477Z napoleon: {"toLocation":"europe","units":[{"id":1,"rank":"infantry","location":"europe"}],"player":{"username":"washington","units":{"1":{"id":1,"rank":"infantry","location":"europe"}}}}
2026-03-06T05:01:31.475Z washington: {"toLocation":"europe","units":[{"id":1,"rank":"infantry","location":"europe"}],"player":{"username":"washington","units":{"1":{"id":1,"rank":"infantry","location":"europe"}}}}
2026-03-06T05:01:43.601Z undefined: {"attacker":{"username":"washington","units":{"1":{"id":1,"rank":"infantry","location":"europe"}}},"defender":{"username":"napoleon","units":{"1":{"id":1,"rank":"cavalry","location":"europe"}}}}
2026-03-06T05:02:59.296Z washington: {"toLocation":"europe","units":[{"id":1,"rank":"cavalry","location":"europe"}],"player":{"username":"washington","units":{"1":{"id":1,"rank":"cavalry","location":"europe"}}}}
2026-03-06T05:02:59.296Z napoleon: {"toLocation":"europe","units":[{"id":1,"rank":"cavalry","location":"europe"}],"player":{"username":"washington","units":{"1":{"id":1,"rank":"cavalry","location":"europe"}}}}
2026-03-06T05:03:00.298Z undefined: {"attacker":{"username":"washington","units":{"1":{"id":1,"rank":"cavalry","location":"europe"}}},"defender":{"username":"napoleon","units":{"1":{"id":1,"rank":"cavalry","location":"europe"}}}}
2026-03-06T05:03:01.302Z undefined: {"attacker":{"username":"washington","units":{"1":{"id":1,"rank":"cavalry","location":"europe"}}},"defender":{"username":"napoleon","units":{"1":{"id":1,"rank":"cavalry","location":"europe"}}}}
2026-03-06T05:04:21.508Z napoleon: {"toLocation":"asia","units":[{"id":1,"rank":"infantry","location":"asia"},{"id":2,"rank":"infantry","location":"asia"}],"player":{"username":"washington","units":{"1":{"id":1,"rank":"infantry","location":"asia"},"2":{"id":2,"rank":"infantry","location":"asia"}}}}
2026-03-06T05:04:21.509Z washington: {"toLocation":"asia","units":[{"id":1,"rank":"infantry","location":"asia"},{"id":2,"rank":"infantry","location":"asia"}],"player":{"username":"washington","units":{"1":{"id":1,"rank":"infantry","location":"asia"},"2":{"id":2,"rank":"infantry","location":"asia"}}}}
2026-03-06T05:04:33.916Z washington: {"toLocation":"asia","units":[{"id":1,"rank":"cavalry","location":"asia"}],"player":{"username":"napoleon","units":{"1":{"id":1,"rank":"cavalry","location":"asia"}}}}
2026-03-06T05:04:33.915Z napoleon: {"toLocation":"asia","units":[{"id":1,"rank":"cavalry","location":"asia"}],"player":{"username":"napoleon","units":{"1":{"id":1,"rank":"cavalry","location":"asia"}}}}
2026-03-06T05:04:34.916Z undefined: {"attacker":{"username":"napoleon","units":{"1":{"id":1,"rank":"cavalry","location":"asia"}}},"defender":{"username":"washington","units":{"1":{"id":1,"rank":"infantry","location":"asia"},"2":{"id":2,"rank":"infantry","location":"asia"}}}}
